<?xml version="1.0" encoding="UTF-8"?>
<!-- Generated by org.testng.reporters.JUnitReportReporter -->
<testsuite hostname="LAPTOP-9TG9LBAG" failures="0" tests="1" name="tests.GUIElementsTest" time="24.331" errors="0" timestamp="2025-05-27T16:49:55 IST" skipped="0">
  <testcase classname="tests.GUIElementsTest" name="GUIElementsSubmission" time="24.331"/>
</testsuite> <!-- tests.GUIElementsTest -->
