<?xml version="1.0" encoding="UTF-8"?>
<!-- Generated by org.testng.reporters.JUnitReportReporter -->
<testsuite hostname="LAPTOP-9TG9LBAG" failures="0" tests="1" name="tests.StaticTableTest" time="10.736" errors="0" timestamp="2025-05-29T17:22:04 IST" skipped="0">
  <testcase classname="tests.StaticTableTest" name="StaticTabledata" time="10.736"/>
</testsuite> <!-- tests.StaticTableTest -->
