<?xml version="1.0" encoding="UTF-8"?>
<!-- Generated by org.testng.reporters.JUnitReportReporter -->
<testsuite hostname="LAPTOP-9TG9LBAG" failures="0" tests="1" name="tests.FileUploadTest" time="9.732" errors="0" timestamp="2025-05-27T17:05:16 IST" skipped="0">
  <testcase classname="tests.FileUploadTest" name="Singlefileuploading" time="9.732"/>
</testsuite> <!-- tests.FileUploadTest -->
